<?xml version="1.0" encoding="UTF-8"?>
<!-- Generated by org.testng.reporters.JUnitReportReporter -->
<testsuite hostname="LAPTOP-TNLVR2AO" failures="0" tests="1" name="com.comcast.crm.contacttest.SampleTest" time="5.576" errors="0" timestamp="16 Jun 2024 13:06:45 GMT" skipped="0">
  <testcase classname="com.comcast.crm.contacttest.SampleTest" name="createConTactTest" time="5.576"/>
</testsuite> <!-- com.comcast.crm.contacttest.SampleTest -->
